0 info it worked if it ends with ok
1 verbose cli [ '/Users/aileen/.nvm/versions/node/v6.3.1/bin/node',
1 verbose cli   '/Users/aileen/.nvm/versions/node/v6.3.1/bin/npm',
1 verbose cli   'run',
1 verbose cli   'build' ]
2 info using npm@3.10.3
3 info using node@v6.3.1
4 verbose run-script [ 'prebuild', 'build', 'postbuild' ]
5 info lifecycle magical-cards@0.1.0~prebuild: magical-cards@0.1.0
6 silly lifecycle magical-cards@0.1.0~prebuild: no script for prebuild, continuing
7 info lifecycle magical-cards@0.1.0~build: magical-cards@0.1.0
8 verbose lifecycle magical-cards@0.1.0~build: unsafe-perm in lifecycle true
9 verbose lifecycle magical-cards@0.1.0~build: PATH: /Users/aileen/.nvm/versions/node/v6.3.1/lib/node_modules/npm/bin/node-gyp-bin:/Users/aileen/mtg/magical-cards/node_modules/.bin:/Users/aileen/.nvm/versions/node/v6.3.1/bin:/Users/aileen/.nvm/versions/node/v6.3.1/bin:/Users/aileen/.rbenv/shims:/usr/local/bin:/usr/bin:/bin:/usr/sbin:/sbin:/usr/local/MacGPG2/bin
10 verbose lifecycle magical-cards@0.1.0~build: CWD: /Users/aileen/mtg/magical-cards
11 silly lifecycle magical-cards@0.1.0~build: Args: [ '-c', 'elm make ./src/Main.elm --output ./build/elm.js' ]
12 silly lifecycle magical-cards@0.1.0~build: Returned: code: 1  signal: null
13 info lifecycle magical-cards@0.1.0~build: Failed to exec build script
14 verbose stack Error: magical-cards@0.1.0 build: `elm make ./src/Main.elm --output ./build/elm.js`
14 verbose stack Exit status 1
14 verbose stack     at EventEmitter.<anonymous> (/Users/aileen/.nvm/versions/node/v6.3.1/lib/node_modules/npm/lib/utils/lifecycle.js:242:16)
14 verbose stack     at emitTwo (events.js:106:13)
14 verbose stack     at EventEmitter.emit (events.js:191:7)
14 verbose stack     at ChildProcess.<anonymous> (/Users/aileen/.nvm/versions/node/v6.3.1/lib/node_modules/npm/lib/utils/spawn.js:40:14)
14 verbose stack     at emitTwo (events.js:106:13)
14 verbose stack     at ChildProcess.emit (events.js:191:7)
14 verbose stack     at maybeClose (internal/child_process.js:852:16)
14 verbose stack     at Process.ChildProcess._handle.onexit (internal/child_process.js:215:5)
15 verbose pkgid magical-cards@0.1.0
16 verbose cwd /Users/aileen/mtg/magical-cards
17 error Darwin 15.6.0
18 error argv "/Users/aileen/.nvm/versions/node/v6.3.1/bin/node" "/Users/aileen/.nvm/versions/node/v6.3.1/bin/npm" "run" "build"
19 error node v6.3.1
20 error npm  v3.10.3
21 error code ELIFECYCLE
22 error magical-cards@0.1.0 build: `elm make ./src/Main.elm --output ./build/elm.js`
22 error Exit status 1
23 error Failed at the magical-cards@0.1.0 build script 'elm make ./src/Main.elm --output ./build/elm.js'.
23 error Make sure you have the latest version of node.js and npm installed.
23 error If you do, this is most likely a problem with the magical-cards package,
23 error not with npm itself.
23 error Tell the author that this fails on your system:
23 error     elm make ./src/Main.elm --output ./build/elm.js
23 error You can get information on how to open an issue for this project with:
23 error     npm bugs magical-cards
23 error Or if that isn't available, you can get their info via:
23 error     npm owner ls magical-cards
23 error There is likely additional logging output above.
24 verbose exit [ 1, true ]
